#! /c/Source/iverilog-install/bin/vvp
:ivl_version "12.0 (devel)" "(s20150603-1539-g2693dd32b)";
:ivl_delay_selection "TYPICAL";
:vpi_time_precision - 12;
:vpi_module "C:\iverilog\lib\ivl\system.vpi";
:vpi_module "C:\iverilog\lib\ivl\vhdl_sys.vpi";
:vpi_module "C:\iverilog\lib\ivl\vhdl_textio.vpi";
:vpi_module "C:\iverilog\lib\ivl\v2005_math.vpi";
:vpi_module "C:\iverilog\lib\ivl\va_math.vpi";
S_00000130a35a67e0 .scope module, "top" "top" 2 3;
 .timescale -9 -12;
    .port_info 0 /INPUT 1 "clk";
    .port_info 1 /INPUT 1 "start";
    .port_info 2 /INPUT 8 "txin";
    .port_info 3 /OUTPUT 1 "tx";
    .port_info 4 /INPUT 1 "rx";
    .port_info 5 /OUTPUT 8 "rxout";
    .port_info 6 /OUTPUT 1 "rxdone";
    .port_info 7 /OUTPUT 1 "txdone";
P_00000130a35eeee0 .param/l "baud" 0 2 14, +C4<00000000000000000010010110000000>;
P_00000130a35eef18 .param/l "check" 1 2 21, C4<10>;
P_00000130a35eef50 .param/l "clk_value" 0 2 13, +C4<00000000000000011000011010100000>;
P_00000130a35eef88 .param/l "idle" 1 2 21, C4<00>;
P_00000130a35eefc0 .param/l "rcheck" 1 2 79, C4<11>;
P_00000130a35eeff8 .param/l "recv" 1 2 79, C4<10>;
P_00000130a35ef030 .param/l "ridle" 1 2 79, C4<00>;
P_00000130a35ef068 .param/l "rwait" 1 2 79, C4<01>;
P_00000130a35ef0a0 .param/l "send" 1 2 21, C4<01>;
P_00000130a35ef0d8 .param/l "wait_count" 0 2 15, +C4<00000000000000000000000000001010>;
L_00000130a365d050 .functor BUFT 1, C4<1>, C4<0>, C4<0>, C4<0>;
L_00000130a35eb9f0 .functor XNOR 1, v00000130a35ef170_0, L_00000130a365d050, C4<0>, C4<0>;
L_00000130a35eb2f0 .functor AND 1, L_00000130a365bea0, L_00000130a35eb9f0, C4<1>, C4<1>;
L_00000130a365d170 .functor BUFT 1, C4<1>, C4<0>, C4<0>, C4<0>;
L_00000130a35eb6e0 .functor XNOR 1, v00000130a35ef170_0, L_00000130a365d170, C4<0>, C4<0>;
L_00000130a35eb360 .functor AND 1, L_00000130a365bfe0, L_00000130a35eb6e0, C4<1>, C4<1>;
L_00000130a365d008 .functor BUFT 1, C4<00000000000000000000000000001001>, C4<0>, C4<0>, C4<0>;
v00000130a35ef990_0 .net/2s *"_ivl_0", 31 0, L_00000130a365d008;  1 drivers
L_00000130a365d098 .functor BUFT 1, C4<1>, C4<0>, C4<0>, C4<0>;
v00000130a35efdf0_0 .net/2u *"_ivl_10", 0 0, L_00000130a365d098;  1 drivers
L_00000130a365d0e0 .functor BUFT 1, C4<0>, C4<0>, C4<0>, C4<0>;
v00000130a35effd0_0 .net/2u *"_ivl_12", 0 0, L_00000130a365d0e0;  1 drivers
L_00000130a365d128 .functor BUFT 1, C4<00000000000000000000000000001001>, C4<0>, C4<0>, C4<0>;
v00000130a35efb70_0 .net/2s *"_ivl_18", 31 0, L_00000130a365d128;  1 drivers
v00000130a35ef2b0_0 .net *"_ivl_2", 0 0, L_00000130a365bea0;  1 drivers
v00000130a35efc10_0 .net *"_ivl_20", 0 0, L_00000130a365bfe0;  1 drivers
v00000130a35f0070_0 .net/2u *"_ivl_22", 0 0, L_00000130a365d170;  1 drivers
v00000130a35eff30_0 .net *"_ivl_24", 0 0, L_00000130a35eb6e0;  1 drivers
v00000130a35ef850_0 .net *"_ivl_27", 0 0, L_00000130a35eb360;  1 drivers
L_00000130a365d1b8 .functor BUFT 1, C4<1>, C4<0>, C4<0>, C4<0>;
v00000130a35ef350_0 .net/2u *"_ivl_28", 0 0, L_00000130a365d1b8;  1 drivers
L_00000130a365d200 .functor BUFT 1, C4<0>, C4<0>, C4<0>, C4<0>;
v00000130a35ef7b0_0 .net/2u *"_ivl_30", 0 0, L_00000130a365d200;  1 drivers
v00000130a35efa30_0 .net/2u *"_ivl_4", 0 0, L_00000130a365d050;  1 drivers
v00000130a35ef490_0 .net *"_ivl_6", 0 0, L_00000130a35eb9f0;  1 drivers
v00000130a35ef3f0_0 .net *"_ivl_9", 0 0, L_00000130a35eb2f0;  1 drivers
v00000130a35ef170_0 .var "bitDone", 0 0;
v00000130a35efcb0_0 .var/i "bitIndex", 31 0;
o00000130a3608248 .functor BUFZ 1, C4<z>; HiZ drive
v00000130a35ef210_0 .net "clk", 0 0, o00000130a3608248;  0 drivers
v00000130a35ef530_0 .var/i "count", 31 0;
v00000130a35efad0_0 .var/i "rcount", 31 0;
v00000130a35ef5d0_0 .var/i "rindex", 31 0;
v00000130a35efd50_0 .var "rstate", 1 0;
o00000130a3608338 .functor BUFZ 1, C4<z>; HiZ drive
v00000130a35efe90_0 .net "rx", 0 0, o00000130a3608338;  0 drivers
v00000130a35ef670_0 .var "rxdata", 9 0;
v00000130a35ef710_0 .net "rxdone", 0 0, L_00000130a365c580;  1 drivers
v00000130a35ef8f0_0 .net "rxout", 7 0, L_00000130a365cda0;  1 drivers
v00000130a365b680_0 .var "shifttx", 9 0;
o00000130a3608428 .functor BUFZ 1, C4<z>; HiZ drive
v00000130a365ce40_0 .net "start", 0 0, o00000130a3608428;  0 drivers
v00000130a365bb80_0 .var "state", 1 0;
v00000130a365c120_0 .var "tx", 0 0;
v00000130a365ba40_0 .var "txData", 9 0;
v00000130a365b7c0_0 .net "txdone", 0 0, L_00000130a365b180;  1 drivers
o00000130a3608518 .functor BUFZ 8, C4<zzzzzzzz>; HiZ drive
v00000130a365bcc0_0 .net "txin", 7 0, o00000130a3608518;  0 drivers
E_00000130a35ebf60 .event posedge, v00000130a35ef210_0;
L_00000130a365bea0 .cmp/eq 32, v00000130a35efcb0_0, L_00000130a365d008;
L_00000130a365b180 .functor MUXZ 1, L_00000130a365d0e0, L_00000130a365d098, L_00000130a35eb2f0, C4<>;
L_00000130a365cda0 .part v00000130a35ef670_0, 1, 8;
L_00000130a365bfe0 .cmp/eq 32, v00000130a35ef5d0_0, L_00000130a365d128;
L_00000130a365c580 .functor MUXZ 1, L_00000130a365d200, L_00000130a365d1b8, L_00000130a35eb360, C4<>;
    .scope S_00000130a35a67e0;
T_0 ;
    %pushi/vec4 0, 0, 1;
    %store/vec4 v00000130a35ef170_0, 0, 1;
    %pushi/vec4 0, 0, 32;
    %store/vec4 v00000130a35ef530_0, 0, 32;
    %pushi/vec4 0, 0, 2;
    %store/vec4 v00000130a365bb80_0, 0, 2;
    %pushi/vec4 0, 0, 32;
    %store/vec4 v00000130a35efcb0_0, 0, 32;
    %pushi/vec4 0, 0, 10;
    %store/vec4 v00000130a365b680_0, 0, 10;
    %pushi/vec4 0, 0, 32;
    %store/vec4 v00000130a35efad0_0, 0, 32;
    %pushi/vec4 0, 0, 32;
    %store/vec4 v00000130a35ef5d0_0, 0, 32;
    %end;
    .thread T_0;
    .scope S_00000130a35a67e0;
T_1 ;
    %wait E_00000130a35ebf60;
    %load/vec4 v00000130a365bb80_0;
    %cmpi/e 0, 0, 2;
    %jmp/0xz  T_1.0, 4;
    %pushi/vec4 0, 0, 32;
    %assign/vec4 v00000130a35ef530_0, 0;
    %jmp T_1.1;
T_1.0 ;
    %load/vec4 v00000130a35ef530_0;
    %cmpi/e 10, 0, 32;
    %jmp/0xz  T_1.2, 4;
    %pushi/vec4 1, 0, 1;
    %assign/vec4 v00000130a35ef170_0, 0;
    %pushi/vec4 0, 0, 32;
    %assign/vec4 v00000130a35ef530_0, 0;
    %jmp T_1.3;
T_1.2 ;
    %load/vec4 v00000130a35ef530_0;
    %addi 1, 0, 32;
    %assign/vec4 v00000130a35ef530_0, 0;
    %pushi/vec4 0, 0, 1;
    %assign/vec4 v00000130a35ef170_0, 0;
T_1.3 ;
T_1.1 ;
    %load/vec4 v00000130a365bb80_0;
    %dup/vec4;
    %pushi/vec4 0, 0, 2;
    %cmp/u;
    %jmp/1 T_1.4, 6;
    %dup/vec4;
    %pushi/vec4 1, 0, 2;
    %cmp/u;
    %jmp/1 T_1.5, 6;
    %dup/vec4;
    %pushi/vec4 2, 0, 2;
    %cmp/u;
    %jmp/1 T_1.6, 6;
    %pushi/vec4 0, 0, 2;
    %assign/vec4 v00000130a365bb80_0, 0;
    %jmp T_1.8;
T_1.4 ;
    %pushi/vec4 1, 0, 1;
    %assign/vec4 v00000130a365c120_0, 0;
    %pushi/vec4 0, 0, 10;
    %assign/vec4 v00000130a365ba40_0, 0;
    %pushi/vec4 0, 0, 32;
    %assign/vec4 v00000130a35efcb0_0, 0;
    %pushi/vec4 0, 0, 10;
    %assign/vec4 v00000130a365b680_0, 0;
    %load/vec4 v00000130a365ce40_0;
    %cmpi/e 1, 0, 1;
    %jmp/0xz  T_1.9, 4;
    %pushi/vec4 1, 0, 1;
    %load/vec4 v00000130a365bcc0_0;
    %concat/vec4; draw_concat_vec4
    %concati/vec4 0, 0, 1;
    %assign/vec4 v00000130a365ba40_0, 0;
    %pushi/vec4 1, 0, 2;
    %assign/vec4 v00000130a365bb80_0, 0;
T_1.9 ;
    %jmp T_1.8;
T_1.5 ;
    %load/vec4 v00000130a365ba40_0;
    %load/vec4 v00000130a35efcb0_0;
    %part/s 1;
    %assign/vec4 v00000130a365c120_0, 0;
    %load/vec4 v00000130a365ba40_0;
    %load/vec4 v00000130a35efcb0_0;
    %part/s 1;
    %load/vec4 v00000130a365b680_0;
    %parti/s 9, 1, 2;
    %concat/vec4; draw_concat_vec4
    %assign/vec4 v00000130a365b680_0, 0;
    %pushi/vec4 2, 0, 2;
    %assign/vec4 v00000130a365bb80_0, 0;
    %jmp T_1.8;
T_1.6 ;
    %load/vec4 v00000130a35efcb0_0;
    %cmpi/s 9, 0, 32;
    %jmp/0xz  T_1.11, 5;
    %load/vec4 v00000130a35ef170_0;
    %cmpi/e 1, 0, 1;
    %jmp/0xz  T_1.13, 4;
    %load/vec4 v00000130a35efcb0_0;
    %addi 1, 0, 32;
    %assign/vec4 v00000130a35efcb0_0, 0;
    %pushi/vec4 1, 0, 2;
    %assign/vec4 v00000130a365bb80_0, 0;
T_1.13 ;
    %jmp T_1.12;
T_1.11 ;
    %pushi/vec4 0, 0, 2;
    %assign/vec4 v00000130a365bb80_0, 0;
    %pushi/vec4 0, 0, 32;
    %assign/vec4 v00000130a35efcb0_0, 0;
T_1.12 ;
    %jmp T_1.8;
T_1.8 ;
    %pop/vec4 1;
    %jmp T_1;
    .thread T_1;
    .scope S_00000130a35a67e0;
T_2 ;
    %wait E_00000130a35ebf60;
    %load/vec4 v00000130a35efd50_0;
    %dup/vec4;
    %pushi/vec4 0, 0, 2;
    %cmp/u;
    %jmp/1 T_2.0, 6;
    %dup/vec4;
    %pushi/vec4 1, 0, 2;
    %cmp/u;
    %jmp/1 T_2.1, 6;
    %dup/vec4;
    %pushi/vec4 2, 0, 2;
    %cmp/u;
    %jmp/1 T_2.2, 6;
    %dup/vec4;
    %pushi/vec4 3, 0, 2;
    %cmp/u;
    %jmp/1 T_2.3, 6;
    %pushi/vec4 0, 0, 2;
    %assign/vec4 v00000130a35efd50_0, 0;
    %jmp T_2.5;
T_2.0 ;
    %pushi/vec4 0, 0, 10;
    %assign/vec4 v00000130a35ef670_0, 0;
    %pushi/vec4 0, 0, 32;
    %assign/vec4 v00000130a35ef5d0_0, 0;
    %pushi/vec4 0, 0, 32;
    %assign/vec4 v00000130a35efad0_0, 0;
    %load/vec4 v00000130a35efe90_0;
    %cmpi/e 0, 0, 1;
    %jmp/0xz  T_2.6, 4;
    %pushi/vec4 1, 0, 2;
    %assign/vec4 v00000130a35efd50_0, 0;
T_2.6 ;
    %jmp T_2.5;
T_2.1 ;
    %load/vec4 v00000130a35efad0_0;
    %cmpi/s 5, 0, 32;
    %jmp/0xz  T_2.8, 5;
    %load/vec4 v00000130a35efad0_0;
    %addi 1, 0, 32;
    %assign/vec4 v00000130a35efad0_0, 0;
    %pushi/vec4 1, 0, 2;
    %assign/vec4 v00000130a35efd50_0, 0;
    %jmp T_2.9;
T_2.8 ;
    %pushi/vec4 0, 0, 32;
    %assign/vec4 v00000130a35efad0_0, 0;
    %pushi/vec4 2, 0, 2;
    %assign/vec4 v00000130a35efd50_0, 0;
    %load/vec4 v00000130a35efe90_0;
    %load/vec4 v00000130a35ef670_0;
    %parti/s 9, 1, 2;
    %concat/vec4; draw_concat_vec4
    %assign/vec4 v00000130a35ef670_0, 0;
T_2.9 ;
    %jmp T_2.5;
T_2.2 ;
    %load/vec4 v00000130a35ef5d0_0;
    %cmpi/s 9, 0, 32;
    %jmp/0xz  T_2.10, 5;
    %load/vec4 v00000130a35ef170_0;
    %cmpi/e 1, 0, 1;
    %jmp/0xz  T_2.12, 4;
    %load/vec4 v00000130a35ef5d0_0;
    %addi 1, 0, 32;
    %assign/vec4 v00000130a35ef5d0_0, 0;
    %load/vec4 v00000130a35efe90_0;
    %load/vec4 v00000130a35ef670_0;
    %parti/s 9, 1, 2;
    %concat/vec4; draw_concat_vec4
    %assign/vec4 v00000130a35ef670_0, 0;
    %pushi/vec4 1, 0, 2;
    %assign/vec4 v00000130a35efd50_0, 0;
T_2.12 ;
    %jmp T_2.11;
T_2.10 ;
    %pushi/vec4 3, 0, 2;
    %assign/vec4 v00000130a35efd50_0, 0;
T_2.11 ;
    %jmp T_2.5;
T_2.3 ;
    %load/vec4 v00000130a35ef170_0;
    %cmpi/e 1, 0, 1;
    %jmp/0xz  T_2.14, 4;
    %load/vec4 v00000130a35efe90_0;
    %cmpi/e 1, 0, 1;
    %jmp/0xz  T_2.16, 4;
    %pushi/vec4 0, 0, 2;
    %assign/vec4 v00000130a35efd50_0, 0;
    %jmp T_2.17;
T_2.16 ;
    %pushi/vec4 0, 0, 2;
    %assign/vec4 v00000130a35efd50_0, 0;
T_2.17 ;
T_2.14 ;
    %jmp T_2.5;
T_2.5 ;
    %pop/vec4 1;
    %jmp T_2;
    .thread T_2;
# The file index is used to find the file name in the following table.
:file_names 3;
    "N/A";
    "<interactive>";
    "uart.v";
